  MyComputer.cpp
E:\MComV4.0\MyComputer\MyComputer.cpp(17,30): warning C4083: 应输入“newline”；找到标识符“；”
E:\MComV4.0\MyComputer\MyComputer.cpp(587,24): warning C4244: “参数”: 从“double”转换到“int”，可能丢失数据
E:\MComV4.0\MyComputer\MyComputer.cpp(587,18): warning C4244: “参数”: 从“double”转换到“int”，可能丢失数据
E:\MComV4.0\MyComputer\MyComputer.cpp(786,28): warning C4244: “=”: 从“double”转换到“LONG”，可能丢失数据
E:\MComV4.0\MyComputer\MyComputer.cpp(823,12): warning C4244: “参数”: 从“time_t”转换到“unsigned int”，可能丢失数据
E:\MComV4.0\MyComputer\MyComputer.cpp(908,4): warning C4102: “defalut”: 未引用的标签
E:\MComV4.0\MyComputer\MyComputer.cpp(1039,27): warning C4244: “=”: 从“double”转换到“LONG”，可能丢失数据
E:\MComV4.0\MyComputer\MyComputer.cpp(1314,23): warning C4244: “参数”: 从“double”转换到“int”，可能丢失数据
E:\MComV4.0\MyComputer\MyComputer.cpp(1314,17): warning C4244: “参数”: 从“double”转换到“int”，可能丢失数据
E:\MComV4.0\MyComputer\MyComputer.cpp(1546,7): warning C4244: “=”: 从“float”转换到“int”，可能丢失数据
E:\MComV4.0\MyComputer\MyComputer.cpp(1550,12): warning C4244: “=”: 从“float”转换到“short”，可能丢失数据
E:\MComV4.0\MyComputer\MyComputer.cpp(1681,98): warning C4244: “参数”: 从“double”转换到“int”，可能丢失数据
E:\MComV4.0\MyComputer\MyComputer.cpp(1681,74): warning C4244: “参数”: 从“double”转换到“int”，可能丢失数据
E:\MComV4.0\MyComputer\MyComputer.cpp(1681,52): warning C4244: “参数”: 从“double”转换到“int”，可能丢失数据
E:\MComV4.0\MyComputer\MyComputer.cpp(1681,29): warning C4244: “参数”: 从“double”转换到“int”，可能丢失数据
E:\MComV4.0\MyComputer\MyComputer.cpp(1688,102): warning C4244: “参数”: 从“double”转换到“int”，可能丢失数据
E:\MComV4.0\MyComputer\MyComputer.cpp(1688,77): warning C4244: “参数”: 从“double”转换到“int”，可能丢失数据
E:\MComV4.0\MyComputer\MyComputer.cpp(1688,54): warning C4244: “参数”: 从“double”转换到“int”，可能丢失数据
E:\MComV4.0\MyComputer\MyComputer.cpp(1688,30): warning C4244: “参数”: 从“double”转换到“int”，可能丢失数据
E:\MComV4.0\MyComputer\MyComputer.cpp(1737,103): warning C4244: “参数”: 从“double”转换到“int”，可能丢失数据
E:\MComV4.0\MyComputer\MyComputer.cpp(1737,78): warning C4244: “参数”: 从“double”转换到“int”，可能丢失数据
E:\MComV4.0\MyComputer\MyComputer.cpp(1737,55): warning C4244: “参数”: 从“double”转换到“int”，可能丢失数据
E:\MComV4.0\MyComputer\MyComputer.cpp(1737,31): warning C4244: “参数”: 从“double”转换到“int”，可能丢失数据
E:\MComV4.0\MyComputer\MyComputer.cpp(1771,107): warning C4244: “参数”: 从“double”转换到“int”，可能丢失数据
E:\MComV4.0\MyComputer\MyComputer.cpp(1771,81): warning C4244: “参数”: 从“double”转换到“int”，可能丢失数据
E:\MComV4.0\MyComputer\MyComputer.cpp(1771,57): warning C4244: “参数”: 从“double”转换到“int”，可能丢失数据
E:\MComV4.0\MyComputer\MyComputer.cpp(1771,32): warning C4244: “参数”: 从“double”转换到“int”，可能丢失数据
E:\MComV4.0\MyComputer\MyComputer.cpp(1806,107): warning C4244: “参数”: 从“double”转换到“int”，可能丢失数据
E:\MComV4.0\MyComputer\MyComputer.cpp(1806,81): warning C4244: “参数”: 从“double”转换到“int”，可能丢失数据
E:\MComV4.0\MyComputer\MyComputer.cpp(1806,57): warning C4244: “参数”: 从“double”转换到“int”，可能丢失数据
E:\MComV4.0\MyComputer\MyComputer.cpp(1806,32): warning C4244: “参数”: 从“double”转换到“int”，可能丢失数据
E:\MComV4.0\MyComputer\MyComputer.cpp(1843,107): warning C4244: “参数”: 从“double”转换到“int”，可能丢失数据
E:\MComV4.0\MyComputer\MyComputer.cpp(1843,81): warning C4244: “参数”: 从“double”转换到“int”，可能丢失数据
E:\MComV4.0\MyComputer\MyComputer.cpp(1843,57): warning C4244: “参数”: 从“double”转换到“int”，可能丢失数据
E:\MComV4.0\MyComputer\MyComputer.cpp(1843,32): warning C4244: “参数”: 从“double”转换到“int”，可能丢失数据
E:\MComV4.0\MyComputer\MyComputer.cpp(1667,12): warning C4101: “msg”: 未引用的局部变量
E:\MComV4.0\MyComputer\MyComputer.cpp(1927,23): warning C4244: “参数”: 从“double”转换到“int”，可能丢失数据
E:\MComV4.0\MyComputer\MyComputer.cpp(1927,17): warning C4244: “参数”: 从“double”转换到“int”，可能丢失数据
E:\MComV4.0\MyComputer\MyComputer.cpp(1952,38): warning C4244: “参数”: 从“double”转换到“int”，可能丢失数据
E:\MComV4.0\MyComputer\MyComputer.cpp(1952,21): warning C4244: “参数”: 从“double”转换到“int”，可能丢失数据
E:\MComV4.0\MyComputer\MyComputer.cpp(1960,43): warning C4244: “参数”: 从“double”转换到“int”，可能丢失数据
E:\MComV4.0\MyComputer\MyComputer.cpp(1960,23): warning C4244: “参数”: 从“double”转换到“int”，可能丢失数据
E:\MComV4.0\MyComputer\MyComputer.cpp(1965,43): warning C4244: “参数”: 从“double”转换到“int”，可能丢失数据
E:\MComV4.0\MyComputer\MyComputer.cpp(1965,23): warning C4244: “参数”: 从“double”转换到“int”，可能丢失数据
E:\MComV4.0\MyComputer\MyComputer.cpp(1977,24): warning C4244: “参数”: 从“double”转换到“int”，可能丢失数据
E:\MComV4.0\MyComputer\MyComputer.cpp(1977,18): warning C4244: “参数”: 从“double”转换到“int”，可能丢失数据
E:\MComV4.0\MyComputer\MyComputer.cpp(1978,43): warning C4244: “参数”: 从“double”转换到“int”，可能丢失数据
E:\MComV4.0\MyComputer\MyComputer.cpp(1978,23): warning C4244: “参数”: 从“double”转换到“int”，可能丢失数据
E:\MComV4.0\MyComputer\MyComputer.cpp(1983,24): warning C4244: “参数”: 从“double”转换到“int”，可能丢失数据
E:\MComV4.0\MyComputer\MyComputer.cpp(1983,18): warning C4244: “参数”: 从“double”转换到“int”，可能丢失数据
E:\MComV4.0\MyComputer\MyComputer.cpp(1984,43): warning C4244: “参数”: 从“double”转换到“int”，可能丢失数据
E:\MComV4.0\MyComputer\MyComputer.cpp(1984,23): warning C4244: “参数”: 从“double”转换到“int”，可能丢失数据
E:\MComV4.0\MyComputer\MyComputer.cpp(1997,42): warning C4244: “参数”: 从“double”转换到“int”，可能丢失数据
E:\MComV4.0\MyComputer\MyComputer.cpp(1997,22): warning C4244: “参数”: 从“double”转换到“int”，可能丢失数据
E:\MComV4.0\MyComputer\MyComputer.cpp(2001,42): warning C4244: “参数”: 从“double”转换到“int”，可能丢失数据
E:\MComV4.0\MyComputer\MyComputer.cpp(2001,22): warning C4244: “参数”: 从“double”转换到“int”，可能丢失数据
E:\MComV4.0\MyComputer\MyComputer.cpp(2101,7): warning C4101: “tplayr”: 未引用的局部变量
E:\MComV4.0\MyComputer\MyComputer.cpp(2101,15): warning C4101: “texitr”: 未引用的局部变量
E:\MComV4.0\MyComputer\MyComputer.cpp(2101,31): warning C4101: “tsetar”: 未引用的局部变量
E:\MComV4.0\MyComputer\MyComputer.cpp(2101,23): warning C4101: “thelpr”: 未引用的局部变量
  MyComputer.vcxproj -> E:\MComV4.0\x64\Debug\MyComputer.exe
