  MyComputer.cpp
C:\Users\Lenovo\Desktop\MComV7.0\MyComputer\MyComputer.cpp(18,30): warning C4083: 应输入“newline”；找到标识符“；”
C:\Users\Lenovo\Desktop\MComV7.0\MyComputer\MyComputer.cpp(818,24): warning C4244: “参数”: 从“double”转换到“int”，可能丢失数据
C:\Users\Lenovo\Desktop\MComV7.0\MyComputer\MyComputer.cpp(818,18): warning C4244: “参数”: 从“double”转换到“int”，可能丢失数据
C:\Users\Lenovo\Desktop\MComV7.0\MyComputer\MyComputer.cpp(1021,28): warning C4244: “=”: 从“double”转换到“LONG”，可能丢失数据
C:\Users\Lenovo\Desktop\MComV7.0\MyComputer\MyComputer.cpp(1058,12): warning C4244: “参数”: 从“time_t”转换到“unsigned int”，可能丢失数据
C:\Users\Lenovo\Desktop\MComV7.0\MyComputer\MyComputer.cpp(1143,4): warning C4102: “defalut”: 未引用的标签
C:\Users\Lenovo\Desktop\MComV7.0\MyComputer\MyComputer.cpp(1274,27): warning C4244: “=”: 从“double”转换到“LONG”，可能丢失数据
C:\Users\Lenovo\Desktop\MComV7.0\MyComputer\MyComputer.cpp(1549,23): warning C4244: “参数”: 从“double”转换到“int”，可能丢失数据
C:\Users\Lenovo\Desktop\MComV7.0\MyComputer\MyComputer.cpp(1549,17): warning C4244: “参数”: 从“double”转换到“int”，可能丢失数据
C:\Users\Lenovo\Desktop\MComV7.0\MyComputer\MyComputer.cpp(1781,7): warning C4244: “=”: 从“float”转换到“int”，可能丢失数据
C:\Users\Lenovo\Desktop\MComV7.0\MyComputer\MyComputer.cpp(1785,12): warning C4244: “=”: 从“float”转换到“short”，可能丢失数据
C:\Users\Lenovo\Desktop\MComV7.0\MyComputer\MyComputer.cpp(1916,98): warning C4244: “参数”: 从“double”转换到“int”，可能丢失数据
C:\Users\Lenovo\Desktop\MComV7.0\MyComputer\MyComputer.cpp(1916,74): warning C4244: “参数”: 从“double”转换到“int”，可能丢失数据
C:\Users\Lenovo\Desktop\MComV7.0\MyComputer\MyComputer.cpp(1916,52): warning C4244: “参数”: 从“double”转换到“int”，可能丢失数据
C:\Users\Lenovo\Desktop\MComV7.0\MyComputer\MyComputer.cpp(1916,29): warning C4244: “参数”: 从“double”转换到“int”，可能丢失数据
C:\Users\Lenovo\Desktop\MComV7.0\MyComputer\MyComputer.cpp(1923,102): warning C4244: “参数”: 从“double”转换到“int”，可能丢失数据
C:\Users\Lenovo\Desktop\MComV7.0\MyComputer\MyComputer.cpp(1923,77): warning C4244: “参数”: 从“double”转换到“int”，可能丢失数据
C:\Users\Lenovo\Desktop\MComV7.0\MyComputer\MyComputer.cpp(1923,54): warning C4244: “参数”: 从“double”转换到“int”，可能丢失数据
C:\Users\Lenovo\Desktop\MComV7.0\MyComputer\MyComputer.cpp(1923,30): warning C4244: “参数”: 从“double”转换到“int”，可能丢失数据
C:\Users\Lenovo\Desktop\MComV7.0\MyComputer\MyComputer.cpp(1972,103): warning C4244: “参数”: 从“double”转换到“int”，可能丢失数据
C:\Users\Lenovo\Desktop\MComV7.0\MyComputer\MyComputer.cpp(1972,78): warning C4244: “参数”: 从“double”转换到“int”，可能丢失数据
C:\Users\Lenovo\Desktop\MComV7.0\MyComputer\MyComputer.cpp(1972,55): warning C4244: “参数”: 从“double”转换到“int”，可能丢失数据
C:\Users\Lenovo\Desktop\MComV7.0\MyComputer\MyComputer.cpp(1972,31): warning C4244: “参数”: 从“double”转换到“int”，可能丢失数据
C:\Users\Lenovo\Desktop\MComV7.0\MyComputer\MyComputer.cpp(2006,107): warning C4244: “参数”: 从“double”转换到“int”，可能丢失数据
C:\Users\Lenovo\Desktop\MComV7.0\MyComputer\MyComputer.cpp(2006,81): warning C4244: “参数”: 从“double”转换到“int”，可能丢失数据
C:\Users\Lenovo\Desktop\MComV7.0\MyComputer\MyComputer.cpp(2006,57): warning C4244: “参数”: 从“double”转换到“int”，可能丢失数据
C:\Users\Lenovo\Desktop\MComV7.0\MyComputer\MyComputer.cpp(2006,32): warning C4244: “参数”: 从“double”转换到“int”，可能丢失数据
C:\Users\Lenovo\Desktop\MComV7.0\MyComputer\MyComputer.cpp(2041,107): warning C4244: “参数”: 从“double”转换到“int”，可能丢失数据
C:\Users\Lenovo\Desktop\MComV7.0\MyComputer\MyComputer.cpp(2041,81): warning C4244: “参数”: 从“double”转换到“int”，可能丢失数据
C:\Users\Lenovo\Desktop\MComV7.0\MyComputer\MyComputer.cpp(2041,57): warning C4244: “参数”: 从“double”转换到“int”，可能丢失数据
C:\Users\Lenovo\Desktop\MComV7.0\MyComputer\MyComputer.cpp(2041,32): warning C4244: “参数”: 从“double”转换到“int”，可能丢失数据
C:\Users\Lenovo\Desktop\MComV7.0\MyComputer\MyComputer.cpp(2078,107): warning C4244: “参数”: 从“double”转换到“int”，可能丢失数据
C:\Users\Lenovo\Desktop\MComV7.0\MyComputer\MyComputer.cpp(2078,81): warning C4244: “参数”: 从“double”转换到“int”，可能丢失数据
C:\Users\Lenovo\Desktop\MComV7.0\MyComputer\MyComputer.cpp(2078,57): warning C4244: “参数”: 从“double”转换到“int”，可能丢失数据
C:\Users\Lenovo\Desktop\MComV7.0\MyComputer\MyComputer.cpp(2078,32): warning C4244: “参数”: 从“double”转换到“int”，可能丢失数据
C:\Users\Lenovo\Desktop\MComV7.0\MyComputer\MyComputer.cpp(1902,12): warning C4101: “msg”: 未引用的局部变量
C:\Users\Lenovo\Desktop\MComV7.0\MyComputer\MyComputer.cpp(2162,23): warning C4244: “参数”: 从“double”转换到“int”，可能丢失数据
C:\Users\Lenovo\Desktop\MComV7.0\MyComputer\MyComputer.cpp(2162,17): warning C4244: “参数”: 从“double”转换到“int”，可能丢失数据
C:\Users\Lenovo\Desktop\MComV7.0\MyComputer\MyComputer.cpp(2187,38): warning C4244: “参数”: 从“double”转换到“int”，可能丢失数据
C:\Users\Lenovo\Desktop\MComV7.0\MyComputer\MyComputer.cpp(2187,21): warning C4244: “参数”: 从“double”转换到“int”，可能丢失数据
C:\Users\Lenovo\Desktop\MComV7.0\MyComputer\MyComputer.cpp(2195,43): warning C4244: “参数”: 从“double”转换到“int”，可能丢失数据
C:\Users\Lenovo\Desktop\MComV7.0\MyComputer\MyComputer.cpp(2195,23): warning C4244: “参数”: 从“double”转换到“int”，可能丢失数据
C:\Users\Lenovo\Desktop\MComV7.0\MyComputer\MyComputer.cpp(2200,43): warning C4244: “参数”: 从“double”转换到“int”，可能丢失数据
C:\Users\Lenovo\Desktop\MComV7.0\MyComputer\MyComputer.cpp(2200,23): warning C4244: “参数”: 从“double”转换到“int”，可能丢失数据
C:\Users\Lenovo\Desktop\MComV7.0\MyComputer\MyComputer.cpp(2212,24): warning C4244: “参数”: 从“double”转换到“int”，可能丢失数据
C:\Users\Lenovo\Desktop\MComV7.0\MyComputer\MyComputer.cpp(2212,18): warning C4244: “参数”: 从“double”转换到“int”，可能丢失数据
C:\Users\Lenovo\Desktop\MComV7.0\MyComputer\MyComputer.cpp(2213,43): warning C4244: “参数”: 从“double”转换到“int”，可能丢失数据
C:\Users\Lenovo\Desktop\MComV7.0\MyComputer\MyComputer.cpp(2213,23): warning C4244: “参数”: 从“double”转换到“int”，可能丢失数据
C:\Users\Lenovo\Desktop\MComV7.0\MyComputer\MyComputer.cpp(2218,24): warning C4244: “参数”: 从“double”转换到“int”，可能丢失数据
C:\Users\Lenovo\Desktop\MComV7.0\MyComputer\MyComputer.cpp(2218,18): warning C4244: “参数”: 从“double”转换到“int”，可能丢失数据
C:\Users\Lenovo\Desktop\MComV7.0\MyComputer\MyComputer.cpp(2219,43): warning C4244: “参数”: 从“double”转换到“int”，可能丢失数据
C:\Users\Lenovo\Desktop\MComV7.0\MyComputer\MyComputer.cpp(2219,23): warning C4244: “参数”: 从“double”转换到“int”，可能丢失数据
C:\Users\Lenovo\Desktop\MComV7.0\MyComputer\MyComputer.cpp(2232,42): warning C4244: “参数”: 从“double”转换到“int”，可能丢失数据
C:\Users\Lenovo\Desktop\MComV7.0\MyComputer\MyComputer.cpp(2232,22): warning C4244: “参数”: 从“double”转换到“int”，可能丢失数据
C:\Users\Lenovo\Desktop\MComV7.0\MyComputer\MyComputer.cpp(2236,42): warning C4244: “参数”: 从“double”转换到“int”，可能丢失数据
C:\Users\Lenovo\Desktop\MComV7.0\MyComputer\MyComputer.cpp(2236,22): warning C4244: “参数”: 从“double”转换到“int”，可能丢失数据
C:\Users\Lenovo\Desktop\MComV7.0\MyComputer\MyComputer.cpp(2336,7): warning C4101: “tplayr”: 未引用的局部变量
C:\Users\Lenovo\Desktop\MComV7.0\MyComputer\MyComputer.cpp(2336,15): warning C4101: “texitr”: 未引用的局部变量
C:\Users\Lenovo\Desktop\MComV7.0\MyComputer\MyComputer.cpp(2336,31): warning C4101: “tsetar”: 未引用的局部变量
C:\Users\Lenovo\Desktop\MComV7.0\MyComputer\MyComputer.cpp(2336,23): warning C4101: “thelpr”: 未引用的局部变量
C:\Users\Lenovo\Desktop\MComV7.0\MyComputer\MyComputer.cpp(2479,6): warning C4101: “c”: 未引用的局部变量
  MyComputer.vcxproj -> C:\Users\Lenovo\Desktop\MComV7.0\x64\Debug\MyComputer.exe
