  MyComputer.cpp
E:\MyComputer03\MyComputer\MyComputer.cpp(17,30): warning C4083: 应输入“newline”；找到标识符“；”
E:\MyComputer03\MyComputer\MyComputer.cpp(587,24): warning C4244: “参数”: 从“double”转换到“int”，可能丢失数据
E:\MyComputer03\MyComputer\MyComputer.cpp(587,18): warning C4244: “参数”: 从“double”转换到“int”，可能丢失数据
E:\MyComputer03\MyComputer\MyComputer.cpp(787,28): warning C4244: “=”: 从“double”转换到“LONG”，可能丢失数据
E:\MyComputer03\MyComputer\MyComputer.cpp(824,12): warning C4244: “参数”: 从“time_t”转换到“unsigned int”，可能丢失数据
E:\MyComputer03\MyComputer\MyComputer.cpp(909,4): warning C4102: “defalut”: 未引用的标签
E:\MyComputer03\MyComputer\MyComputer.cpp(1040,27): warning C4244: “=”: 从“double”转换到“LONG”，可能丢失数据
E:\MyComputer03\MyComputer\MyComputer.cpp(1296,23): warning C4244: “参数”: 从“double”转换到“int”，可能丢失数据
E:\MyComputer03\MyComputer\MyComputer.cpp(1296,17): warning C4244: “参数”: 从“double”转换到“int”，可能丢失数据
E:\MyComputer03\MyComputer\MyComputer.cpp(1528,7): warning C4244: “=”: 从“float”转换到“int”，可能丢失数据
E:\MyComputer03\MyComputer\MyComputer.cpp(1532,12): warning C4244: “=”: 从“float”转换到“short”，可能丢失数据
E:\MyComputer03\MyComputer\MyComputer.cpp(1663,98): warning C4244: “参数”: 从“double”转换到“int”，可能丢失数据
E:\MyComputer03\MyComputer\MyComputer.cpp(1663,74): warning C4244: “参数”: 从“double”转换到“int”，可能丢失数据
E:\MyComputer03\MyComputer\MyComputer.cpp(1663,52): warning C4244: “参数”: 从“double”转换到“int”，可能丢失数据
E:\MyComputer03\MyComputer\MyComputer.cpp(1663,29): warning C4244: “参数”: 从“double”转换到“int”，可能丢失数据
E:\MyComputer03\MyComputer\MyComputer.cpp(1670,102): warning C4244: “参数”: 从“double”转换到“int”，可能丢失数据
E:\MyComputer03\MyComputer\MyComputer.cpp(1670,77): warning C4244: “参数”: 从“double”转换到“int”，可能丢失数据
E:\MyComputer03\MyComputer\MyComputer.cpp(1670,54): warning C4244: “参数”: 从“double”转换到“int”，可能丢失数据
E:\MyComputer03\MyComputer\MyComputer.cpp(1670,30): warning C4244: “参数”: 从“double”转换到“int”，可能丢失数据
E:\MyComputer03\MyComputer\MyComputer.cpp(1719,103): warning C4244: “参数”: 从“double”转换到“int”，可能丢失数据
E:\MyComputer03\MyComputer\MyComputer.cpp(1719,78): warning C4244: “参数”: 从“double”转换到“int”，可能丢失数据
E:\MyComputer03\MyComputer\MyComputer.cpp(1719,55): warning C4244: “参数”: 从“double”转换到“int”，可能丢失数据
E:\MyComputer03\MyComputer\MyComputer.cpp(1719,31): warning C4244: “参数”: 从“double”转换到“int”，可能丢失数据
E:\MyComputer03\MyComputer\MyComputer.cpp(1753,107): warning C4244: “参数”: 从“double”转换到“int”，可能丢失数据
E:\MyComputer03\MyComputer\MyComputer.cpp(1753,81): warning C4244: “参数”: 从“double”转换到“int”，可能丢失数据
E:\MyComputer03\MyComputer\MyComputer.cpp(1753,57): warning C4244: “参数”: 从“double”转换到“int”，可能丢失数据
E:\MyComputer03\MyComputer\MyComputer.cpp(1753,32): warning C4244: “参数”: 从“double”转换到“int”，可能丢失数据
E:\MyComputer03\MyComputer\MyComputer.cpp(1788,107): warning C4244: “参数”: 从“double”转换到“int”，可能丢失数据
E:\MyComputer03\MyComputer\MyComputer.cpp(1788,81): warning C4244: “参数”: 从“double”转换到“int”，可能丢失数据
E:\MyComputer03\MyComputer\MyComputer.cpp(1788,57): warning C4244: “参数”: 从“double”转换到“int”，可能丢失数据
E:\MyComputer03\MyComputer\MyComputer.cpp(1788,32): warning C4244: “参数”: 从“double”转换到“int”，可能丢失数据
E:\MyComputer03\MyComputer\MyComputer.cpp(1825,107): warning C4244: “参数”: 从“double”转换到“int”，可能丢失数据
E:\MyComputer03\MyComputer\MyComputer.cpp(1825,81): warning C4244: “参数”: 从“double”转换到“int”，可能丢失数据
E:\MyComputer03\MyComputer\MyComputer.cpp(1825,57): warning C4244: “参数”: 从“double”转换到“int”，可能丢失数据
E:\MyComputer03\MyComputer\MyComputer.cpp(1825,32): warning C4244: “参数”: 从“double”转换到“int”，可能丢失数据
E:\MyComputer03\MyComputer\MyComputer.cpp(1649,12): warning C4101: “msg”: 未引用的局部变量
E:\MyComputer03\MyComputer\MyComputer.cpp(1909,23): warning C4244: “参数”: 从“double”转换到“int”，可能丢失数据
E:\MyComputer03\MyComputer\MyComputer.cpp(1909,17): warning C4244: “参数”: 从“double”转换到“int”，可能丢失数据
E:\MyComputer03\MyComputer\MyComputer.cpp(1934,38): warning C4244: “参数”: 从“double”转换到“int”，可能丢失数据
E:\MyComputer03\MyComputer\MyComputer.cpp(1934,21): warning C4244: “参数”: 从“double”转换到“int”，可能丢失数据
E:\MyComputer03\MyComputer\MyComputer.cpp(1942,43): warning C4244: “参数”: 从“double”转换到“int”，可能丢失数据
E:\MyComputer03\MyComputer\MyComputer.cpp(1942,23): warning C4244: “参数”: 从“double”转换到“int”，可能丢失数据
E:\MyComputer03\MyComputer\MyComputer.cpp(1947,43): warning C4244: “参数”: 从“double”转换到“int”，可能丢失数据
E:\MyComputer03\MyComputer\MyComputer.cpp(1947,23): warning C4244: “参数”: 从“double”转换到“int”，可能丢失数据
E:\MyComputer03\MyComputer\MyComputer.cpp(1959,24): warning C4244: “参数”: 从“double”转换到“int”，可能丢失数据
E:\MyComputer03\MyComputer\MyComputer.cpp(1959,18): warning C4244: “参数”: 从“double”转换到“int”，可能丢失数据
E:\MyComputer03\MyComputer\MyComputer.cpp(1960,43): warning C4244: “参数”: 从“double”转换到“int”，可能丢失数据
E:\MyComputer03\MyComputer\MyComputer.cpp(1960,23): warning C4244: “参数”: 从“double”转换到“int”，可能丢失数据
E:\MyComputer03\MyComputer\MyComputer.cpp(1965,24): warning C4244: “参数”: 从“double”转换到“int”，可能丢失数据
E:\MyComputer03\MyComputer\MyComputer.cpp(1965,18): warning C4244: “参数”: 从“double”转换到“int”，可能丢失数据
E:\MyComputer03\MyComputer\MyComputer.cpp(1966,43): warning C4244: “参数”: 从“double”转换到“int”，可能丢失数据
E:\MyComputer03\MyComputer\MyComputer.cpp(1966,23): warning C4244: “参数”: 从“double”转换到“int”，可能丢失数据
E:\MyComputer03\MyComputer\MyComputer.cpp(1979,42): warning C4244: “参数”: 从“double”转换到“int”，可能丢失数据
E:\MyComputer03\MyComputer\MyComputer.cpp(1979,22): warning C4244: “参数”: 从“double”转换到“int”，可能丢失数据
E:\MyComputer03\MyComputer\MyComputer.cpp(1983,42): warning C4244: “参数”: 从“double”转换到“int”，可能丢失数据
E:\MyComputer03\MyComputer\MyComputer.cpp(1983,22): warning C4244: “参数”: 从“double”转换到“int”，可能丢失数据
E:\MyComputer03\MyComputer\MyComputer.cpp(2083,7): warning C4101: “tplayr”: 未引用的局部变量
E:\MyComputer03\MyComputer\MyComputer.cpp(2083,15): warning C4101: “texitr”: 未引用的局部变量
E:\MyComputer03\MyComputer\MyComputer.cpp(2083,31): warning C4101: “tsetar”: 未引用的局部变量
E:\MyComputer03\MyComputer\MyComputer.cpp(2083,23): warning C4101: “thelpr”: 未引用的局部变量
  MyComputer.vcxproj -> E:\MyComputer03\x64\Debug\MyComputer.exe
